Determining if the pthread_create exist failed with the following output:
Change Dir: /home/groot/roscop_ws/src/UBLOX_read/build/CMakeFiles/CMakeTmp

Run Build Command:"/usr/bin/make" "cmTC_3555d/fast"
/usr/bin/make -f CMakeFiles/cmTC_3555d.dir/build.make CMakeFiles/cmTC_3555d.dir/build
make[1]: Entering directory '/home/groot/roscop_ws/src/UBLOX_read/build/CMakeFiles/CMakeTmp'
Building C object CMakeFiles/cmTC_3555d.dir/CheckSymbolExists.c.o
/usr/bin/cc    -o CMakeFiles/cmTC_3555d.dir/CheckSymbolExists.c.o   -c /home/groot/roscop_ws/src/UBLOX_read/build/CMakeFiles/CMakeTmp/CheckSymbolExists.c
Linking C executable cmTC_3555d
/usr/bin/cmake -E cmake_link_script CMakeFiles/cmTC_3555d.dir/link.txt --verbose=1
/usr/bin/cc      -rdynamic CMakeFiles/cmTC_3555d.dir/CheckSymbolExists.c.o  -o cmTC_3555d 
CMakeFiles/cmTC_3555d.dir/CheckSymbolExists.c.o: In function `main':
CheckSymbolExists.c:(.text+0x2c): undefined reference to `pthread_create'
collect2: error: ld returned 1 exit status
CMakeFiles/cmTC_3555d.dir/build.make:97: recipe for target 'cmTC_3555d' failed
make[1]: *** [cmTC_3555d] Error 1
make[1]: Leaving directory '/home/groot/roscop_ws/src/UBLOX_read/build/CMakeFiles/CMakeTmp'
Makefile:126: recipe for target 'cmTC_3555d/fast' failed
make: *** [cmTC_3555d/fast] Error 2

File /home/groot/roscop_ws/src/UBLOX_read/build/CMakeFiles/CMakeTmp/CheckSymbolExists.c:
/* */
#include <pthread.h>

int main(int argc, char** argv)
{
  (void)argv;
#ifndef pthread_create
  return ((int*)(&pthread_create))[argc];
#else
  (void)argc;
  return 0;
#endif
}

Determining if the function pthread_create exists in the pthreads failed with the following output:
Change Dir: /home/groot/roscop_ws/src/UBLOX_read/build/CMakeFiles/CMakeTmp

Run Build Command:"/usr/bin/make" "cmTC_6c68a/fast"
/usr/bin/make -f CMakeFiles/cmTC_6c68a.dir/build.make CMakeFiles/cmTC_6c68a.dir/build
make[1]: Entering directory '/home/groot/roscop_ws/src/UBLOX_read/build/CMakeFiles/CMakeTmp'
Building C object CMakeFiles/cmTC_6c68a.dir/CheckFunctionExists.c.o
/usr/bin/cc   -DCHECK_FUNCTION_EXISTS=pthread_create   -o CMakeFiles/cmTC_6c68a.dir/CheckFunctionExists.c.o   -c /usr/share/cmake-3.10/Modules/CheckFunctionExists.c
Linking C executable cmTC_6c68a
/usr/bin/cmake -E cmake_link_script CMakeFiles/cmTC_6c68a.dir/link.txt --verbose=1
/usr/bin/cc  -DCHECK_FUNCTION_EXISTS=pthread_create    -rdynamic CMakeFiles/cmTC_6c68a.dir/CheckFunctionExists.c.o  -o cmTC_6c68a -lpthreads 
/usr/bin/ld: cannot find -lpthreads
collect2: error: ld returned 1 exit status
CMakeFiles/cmTC_6c68a.dir/build.make:97: recipe for target 'cmTC_6c68a' failed
make[1]: *** [cmTC_6c68a] Error 1
make[1]: Leaving directory '/home/groot/roscop_ws/src/UBLOX_read/build/CMakeFiles/CMakeTmp'
Makefile:126: recipe for target 'cmTC_6c68a/fast' failed
make: *** [cmTC_6c68a/fast] Error 2


